<?xml version="1.0" encoding="UTF-8"?>
<!-- Generated by org.testng.reporters.JUnitReportReporter -->
<testsuite hostname="Aafaque" failures="0" tests="1" name="com.learnautomation.testcases.LoginTestCRM" time="4.916" errors="0" timestamp="08 Feb 2020 14:41:26 GMT" skipped="0">
  <testcase classname="com.learnautomation.testcases.LoginTestCRM" name="loginApp" time="4.916"/>
</testsuite> <!-- com.learnautomation.testcases.LoginTestCRM -->
