<?xml version="1.0" encoding="UTF-8"?>
<!-- Generated by org.testng.reporters.JUnitReportReporter -->
<testsuite hostname="Aafaque" failures="0" tests="1" name="com.learnautomation.testcases.LoginTestCRM" time="5.108" errors="0" timestamp="2020-01-30T23:36:49 IST" skipped="0">
  <testcase classname="com.learnautomation.testcases.LoginTestCRM" name="loginApp" time="5.108"/>
  <system-out/>
</testsuite> <!-- com.learnautomation.testcases.LoginTestCRM -->
